<?xml version="1.0" encoding="UTF-8"?>
<testng-results ignored="0" total="1" passed="1" failed="0" skipped="0">
  <reporter-output>
  </reporter-output>
  <suite started-at="2025-05-11T23:11:14 IST" name="Default suite" finished-at="2025-05-11T23:11:23 IST" duration-ms="8747">
    <groups>
    </groups>
    <test started-at="2025-05-11T23:11:14 IST" name="Default test" finished-at="2025-05-11T23:11:23 IST" duration-ms="8747">
      <class name="Testpkg.CakeNut_login_Test">
        <test-method is-config="true" signature="setUp()[pri:0, instance:Testpkg.CakeNut_login_Test@4988d8b8]" started-at="2025-05-11T23:11:14 IST" name="setUp" finished-at="2025-05-11T23:11:23 IST" duration-ms="8434" status="PASS">
          <reporter-output>
          </reporter-output>
        </test-method> <!-- setUp -->
        <test-method signature="datadrivenLoginTest()[pri:0, instance:Testpkg.CakeNut_login_Test@4988d8b8]" started-at="2025-05-11T23:11:23 IST" name="datadrivenLoginTest" finished-at="2025-05-11T23:11:23 IST" duration-ms="100" status="PASS">
          <reporter-output>
          </reporter-output>
        </test-method> <!-- datadrivenLoginTest -->
      </class> <!-- Testpkg.CakeNut_login_Test -->
    </test> <!-- Default test -->
  </suite> <!-- Default suite -->
</testng-results>
